<?xml version="1.0" encoding="UTF-8"?>
<testng-results skipped="0" failed="0" ignored="0" total="1" passed="1">
  <reporter-output>
  </reporter-output>
  <suite name="Default suite" duration-ms="59465" started-at="2019-02-05T08:18:06Z" finished-at="2019-02-05T08:19:06Z">
    <groups>
    </groups>
    <test name="Default test" duration-ms="59465" started-at="2019-02-05T08:18:06Z" finished-at="2019-02-05T08:19:06Z">
      <class name="com.training.sanity.tests.UserslinkTest">
        <test-method status="PASS" signature="setUpBeforeClass()[pri:0, instance:com.training.sanity.tests.UserslinkTest@5c7668ba]" name="setUpBeforeClass" is-config="true" duration-ms="35" started-at="2019-02-05T13:48:06Z" finished-at="2019-02-05T13:48:06Z">
          <reporter-output>
          </reporter-output>
        </test-method> <!-- setUpBeforeClass -->
        <test-method status="PASS" signature="setUp()[pri:0, instance:com.training.sanity.tests.UserslinkTest@5c7668ba]" name="setUp" is-config="true" duration-ms="23672" started-at="2019-02-05T13:48:06Z" finished-at="2019-02-05T13:48:30Z">
          <reporter-output>
          </reporter-output>
        </test-method> <!-- setUp -->
        <test-method status="PASS" signature="validLoginTest()[pri:0, instance:com.training.sanity.tests.UserslinkTest@5c7668ba]" name="validLoginTest" duration-ms="34690" started-at="2019-02-05T13:48:30Z" finished-at="2019-02-05T13:49:05Z">
          <reporter-output>
          </reporter-output>
        </test-method> <!-- validLoginTest -->
        <test-method status="PASS" signature="tearDown()[pri:0, instance:com.training.sanity.tests.UserslinkTest@5c7668ba]" name="tearDown" is-config="true" duration-ms="1001" started-at="2019-02-05T13:49:05Z" finished-at="2019-02-05T13:49:06Z">
          <reporter-output>
          </reporter-output>
        </test-method> <!-- tearDown -->
      </class> <!-- com.training.sanity.tests.UserslinkTest -->
    </test> <!-- Default test -->
  </suite> <!-- Default suite -->
</testng-results>
